[INFO] Scanning for projects...
[INFO] 
[INFO] ------------------------< com.kaappu:identity >-------------------------
[INFO] Building identity 0.0.1-SNAPSHOT
[INFO]   from pom.xml
[INFO] --------------------------------[ jar ]---------------------------------
[INFO] 
[INFO] >>> spring-boot:3.4.2:run (default-cli) > test-compile @ identity >>>
[INFO] 
[INFO] --- resources:3.3.1:resources (default-resources) @ identity ---
[INFO] Copying 1 resource from src\main\resources to target\classes
[INFO] Copying 0 resource from src\main\resources to target\classes
[INFO] 
[INFO] --- compiler:3.13.0:compile (default-compile) @ identity ---
[INFO] Nothing to compile - all classes are up to date.
[INFO] 
[INFO] --- resources:3.3.1:testResources (default-testResources) @ identity ---
[INFO] skip non existing resourceDirectory C:\Users\mokaa\Desktop\IGAI\clerk demo\backend\src\test\resources
[INFO] 
[INFO] --- compiler:3.13.0:testCompile (default-testCompile) @ identity ---
[INFO] Nothing to compile - all classes are up to date.
[INFO] 
[INFO] <<< spring-boot:3.4.2:run (default-cli) < test-compile @ identity <<<
[INFO] 
[INFO] 
[INFO] --- spring-boot:3.4.2:run (default-cli) @ identity ---
[INFO] Attaching agents: []

  .   ____          _            __ _ _
 /\\ / ___'_ __ _ _(_)_ __  __ _ \ \ \ \
( ( )\___ | '_ | '_| | '_ \/ _` | \ \ \ \
 \\/  ___)| |_)| | | | | || (_| |  ) ) ) )
  '  |____| .__|_| |_|_| |_\__, | / / / /
 =========|_|==============|___/=/_/_/_/

 :: Spring Boot ::                (v3.4.2)

2026-02-22T15:26:35.946+05:30  INFO 17540 --- [identity] [  restartedMain] c.kaappu.identity.IdentityApplication    : Starting IdentityApplication using Java 25.0.1 with PID 17540 (C:\Users\mokaa\Desktop\IGAI\clerk demo\backend\target\classes started by mokaa in C:\Users\mokaa\Desktop\IGAI\clerk demo\backend)
2026-02-22T15:26:35.949+05:30  INFO 17540 --- [identity] [  restartedMain] c.kaappu.identity.IdentityApplication    : No active profile set, falling back to 1 default profile: "default"
2026-02-22T15:26:36.009+05:30  INFO 17540 --- [identity] [  restartedMain] .e.DevToolsPropertyDefaultsPostProcessor : Devtools property defaults active! Set 'spring.devtools.add-properties' to 'false' to disable
2026-02-22T15:26:36.011+05:30  INFO 17540 --- [identity] [  restartedMain] .e.DevToolsPropertyDefaultsPostProcessor : For additional web related logging consider setting the 'logging.level.web' property to 'DEBUG'
2026-02-22T15:26:36.708+05:30 DEBUG 17540 --- [identity] [  restartedMain] o.s.d.n.repository.config.StartupLogger  : Bootstrapping reactive Neo4j repositories based on SDN v7.4.2 with Spring Data Commons v3.4.2 and Neo4j Driver v5.25.0.
2026-02-22T15:26:36.708+05:30  INFO 17540 --- [identity] [  restartedMain] .s.d.r.c.RepositoryConfigurationDelegate : Bootstrapping Spring Data Neo4j repositories in DEFAULT mode.
2026-02-22T15:26:36.866+05:30  INFO 17540 --- [identity] [  restartedMain] .s.d.r.c.RepositoryConfigurationDelegate : Finished Spring Data repository scanning in 134 ms. Found 0 Neo4j repository interfaces.
2026-02-22T15:26:36.875+05:30 DEBUG 17540 --- [identity] [  restartedMain] o.s.d.n.repository.config.StartupLogger  : Bootstrapping imperative Neo4j repositories based on SDN v7.4.2 with Spring Data Commons v3.4.2 and Neo4j Driver v5.25.0.
2026-02-22T15:26:36.875+05:30  INFO 17540 --- [identity] [  restartedMain] .s.d.r.c.RepositoryConfigurationDelegate : Bootstrapping Spring Data Neo4j repositories in DEFAULT mode.
2026-02-22T15:26:36.904+05:30  INFO 17540 --- [identity] [  restartedMain] .s.d.r.c.RepositoryConfigurationDelegate : Finished Spring Data repository scanning in 27 ms. Found 6 Neo4j repository interfaces.
WARNING: A restricted method in java.lang.System has been called
WARNING: java.lang.System::load has been called by org.apache.tomcat.jni.Library in an unnamed module (file:/C:/Users/mokaa/.m2/repository/org/apache/tomcat/embed/tomcat-embed-core/10.1.34/tomcat-embed-core-10.1.34.jar)
WARNING: Use --enable-native-access=ALL-UNNAMED to avoid a warning for callers in this module
WARNING: Restricted methods will be blocked in a future release unless native access is enabled

2026-02-22T15:26:37.516+05:30  INFO 17540 --- [identity] [  restartedMain] o.s.b.w.embedded.tomcat.TomcatWebServer  : Tomcat initialized with port 8080 (http)
2026-02-22T15:26:37.532+05:30  INFO 17540 --- [identity] [  restartedMain] o.apache.catalina.core.StandardService   : Starting service [Tomcat]
2026-02-22T15:26:37.532+05:30  INFO 17540 --- [identity] [  restartedMain] o.apache.catalina.core.StandardEngine    : Starting Servlet engine: [Apache Tomcat/10.1.34]
2026-02-22T15:26:37.582+05:30  INFO 17540 --- [identity] [  restartedMain] o.a.c.c.C.[Tomcat].[localhost].[/]       : Initializing Spring embedded WebApplicationContext
2026-02-22T15:26:37.583+05:30  INFO 17540 --- [identity] [  restartedMain] w.s.c.ServletWebServerApplicationContext : Root WebApplicationContext: initialization completed in 1571 ms
WARNING: A terminally deprecated method in sun.misc.Unsafe has been called
WARNING: sun.misc.Unsafe::allocateMemory has been called by io.netty.util.internal.PlatformDependent0$2 (file:/C:/Users/mokaa/.m2/repository/io/netty/netty-common/4.1.117.Final/netty-common-4.1.117.Final.jar)
WARNING: Please consider reporting this to the maintainers of class io.netty.util.internal.PlatformDependent0$2
WARNING: sun.misc.Unsafe::allocateMemory will be removed in a future release
2026-02-22T15:26:37.791+05:30  INFO 17540 --- [identity] [  restartedMain] o.neo4j.driver.internal.DriverFactory    : Routing driver instance 2071832265 created for server address 127.0.0.1:7687
2026-02-22T15:26:38.165+05:30  INFO 17540 --- [identity] [  restartedMain] o.s.b.d.a.OptionalLiveReloadServer       : LiveReload server is running on port 35729
2026-02-22T15:26:38.283+05:30  INFO 17540 --- [identity] [  restartedMain] eAuthenticationProviderManagerConfigurer : Global AuthenticationManager configured with AuthenticationProvider bean with name authenticationProvider
2026-02-22T15:26:38.283+05:30  WARN 17540 --- [identity] [  restartedMain] r$InitializeUserDetailsManagerConfigurer : Global AuthenticationManager configured with an AuthenticationProvider bean. UserDetailsService beans will not be used by Spring Security for automatically configuring username/password login. Consider removing the AuthenticationProvider bean. Alternatively, consider using the UserDetailsService in a manually instantiated DaoAuthenticationProvider. If the current configuration is intentional, to turn off this warning, increase the logging level of 'org.springframework.security.config.annotation.authentication.configuration.InitializeUserDetailsBeanManagerConfigurer' to ERROR
2026-02-22T15:26:38.305+05:30  WARN 17540 --- [identity] [  restartedMain] ConfigServletWebServerApplicationContext : Exception encountered during context initialization - cancelling refresh attempt: org.springframework.beans.factory.UnsatisfiedDependencyException: Error creating bean with name 'pamController' defined in file [C:\Users\mokaa\Desktop\IGAI\clerk demo\backend\target\classes\com\kaappu\identity\controllers\PamController.class]: Unsatisfied dependency expressed through constructor parameter 0: Error creating bean with name 'pamService' defined in file [C:\Users\mokaa\Desktop\IGAI\clerk demo\backend\target\classes\com\kaappu\identity\services\PamService.class]: Unsatisfied dependency expressed through constructor parameter 0: Error creating bean with name 'accessRequestRepository' defined in com.kaappu.identity.repositories.AccessRequestRepository defined in @EnableNeo4jRepositories declared on Neo4jRepositoriesRegistrar.EnableNeo4jRepositoriesConfiguration: Could not create query for public abstract java.util.List com.kaappu.identity.repositories.AccessRequestRepository.findByStatusAndExpiresAtBefore(com.kaappu.identity.models.AccessRequest$Status,java.time.LocalDateTime); Reason: Can not derive query for 'public abstract java.util.List com.kaappu.identity.repositories.AccessRequestRepository.findByStatusAndExpiresAtBefore(com.kaappu.identity.models.AccessRequest$Status,java.time.LocalDateTime)': The keywords [IsBefore, Before] work only with properties with one of the following types: [class java.time.Instant, class java.time.LocalDate, class java.time.LocalDateTime, class java.time.LocalTime, class java.time.OffsetDateTime, class java.time.OffsetTime, class java.time.ZonedDateTime]
2026-02-22T15:26:38.306+05:30  INFO 17540 --- [identity] [  restartedMain] o.neo4j.driver.internal.InternalDriver   : Closing driver instance 2071832265
2026-02-22T15:26:38.524+05:30  INFO 17540 --- [identity] [  restartedMain] o.apache.catalina.core.StandardService   : Stopping service [Tomcat]
2026-02-22T15:26:38.542+05:30  INFO 17540 --- [identity] [  restartedMain] .s.b.a.l.ConditionEvaluationReportLogger : 

Error starting ApplicationContext. To display the condition evaluation report re-run your application with 'debug' enabled.
2026-02-22T15:26:38.577+05:30 ERROR 17540 --- [identity] [  restartedMain] o.s.boot.SpringApplication               : Application run failed

org.springframework.beans.factory.UnsatisfiedDependencyException: Error creating bean with name 'pamController' defined in file [C:\Users\mokaa\Desktop\IGAI\clerk demo\backend\target\classes\com\kaappu\identity\controllers\PamController.class]: Unsatisfied dependency expressed through constructor parameter 0: Error creating bean with name 'pamService' defined in file [C:\Users\mokaa\Desktop\IGAI\clerk demo\backend\target\classes\com\kaappu\identity\services\PamService.class]: Unsatisfied dependency expressed through constructor parameter 0: Error creating bean with name 'accessRequestRepository' defined in com.kaappu.identity.repositories.AccessRequestRepository defined in @EnableNeo4jRepositories declared on Neo4jRepositoriesRegistrar.EnableNeo4jRepositoriesConfiguration: Could not create query for public abstract java.util.List com.kaappu.identity.repositories.AccessRequestRepository.findByStatusAndExpiresAtBefore(com.kaappu.identity.models.AccessRequest$Status,java.time.LocalDateTime); Reason: Can not derive query for 'public abstract java.util.List com.kaappu.identity.repositories.AccessRequestRepository.findByStatusAndExpiresAtBefore(com.kaappu.identity.models.AccessRequest$Status,java.time.LocalDateTime)': The keywords [IsBefore, Before] work only with properties with one of the following types: [class java.time.Instant, class java.time.LocalDate, class java.time.LocalDateTime, class java.time.LocalTime, class java.time.OffsetDateTime, class java.time.OffsetTime, class java.time.ZonedDateTime]
	at org.springframework.beans.factory.support.ConstructorResolver.createArgumentArray(ConstructorResolver.java:804) ~[spring-beans-6.2.2.jar:6.2.2]
	at org.springframework.beans.factory.support.ConstructorResolver.autowireConstructor(ConstructorResolver.java:240) ~[spring-beans-6.2.2.jar:6.2.2]
	at org.springframework.beans.factory.support.AbstractAutowireCapableBeanFactory.autowireConstructor(AbstractAutowireCapableBeanFactory.java:1381) ~[spring-beans-6.2.2.jar:6.2.2]
	at org.springframework.beans.factory.support.AbstractAutowireCapableBeanFactory.createBeanInstance(AbstractAutowireCapableBeanFactory.java:1218) ~[spring-beans-6.2.2.jar:6.2.2]
	at org.springframework.beans.factory.support.AbstractAutowireCapableBeanFactory.doCreateBean(AbstractAutowireCapableBeanFactory.java:563) ~[spring-beans-6.2.2.jar:6.2.2]
	at org.springframework.beans.factory.support.AbstractAutowireCapableBeanFactory.createBean(AbstractAutowireCapableBeanFactory.java:523) ~[spring-beans-6.2.2.jar:6.2.2]
	at org.springframework.beans.factory.support.AbstractBeanFactory.lambda$doGetBean$0(AbstractBeanFactory.java:336) ~[spring-beans-6.2.2.jar:6.2.2]
	at org.springframework.beans.factory.support.DefaultSingletonBeanRegistry.getSingleton(DefaultSingletonBeanRegistry.java:307) ~[spring-beans-6.2.2.jar:6.2.2]
	at org.springframework.beans.factory.support.AbstractBeanFactory.doGetBean(AbstractBeanFactory.java:334) ~[spring-beans-6.2.2.jar:6.2.2]
	at org.springframework.beans.factory.support.AbstractBeanFactory.getBean(AbstractBeanFactory.java:199) ~[spring-beans-6.2.2.jar:6.2.2]
	at org.springframework.beans.factory.support.DefaultListableBeanFactory.instantiateSingleton(DefaultListableBeanFactory.java:1122) ~[spring-beans-6.2.2.jar:6.2.2]
	at org.springframework.beans.factory.support.DefaultListableBeanFactory.preInstantiateSingleton(DefaultListableBeanFactory.java:1093) ~[spring-beans-6.2.2.jar:6.2.2]
	at org.springframework.beans.factory.support.DefaultListableBeanFactory.preInstantiateSingletons(DefaultListableBeanFactory.java:1030) ~[spring-beans-6.2.2.jar:6.2.2]
	at org.springframework.context.support.AbstractApplicationContext.finishBeanFactoryInitialization(AbstractApplicationContext.java:987) ~[spring-context-6.2.2.jar:6.2.2]
	at org.springframework.context.support.AbstractApplicationContext.refresh(AbstractApplicationContext.java:627) ~[spring-context-6.2.2.jar:6.2.2]
	at org.springframework.boot.web.servlet.context.ServletWebServerApplicationContext.refresh(ServletWebServerApplicationContext.java:146) ~[spring-boot-3.4.2.jar:3.4.2]
	at org.springframework.boot.SpringApplication.refresh(SpringApplication.java:752) ~[spring-boot-3.4.2.jar:3.4.2]
	at org.springframework.boot.SpringApplication.refreshContext(SpringApplication.java:439) ~[spring-boot-3.4.2.jar:3.4.2]
	at org.springframework.boot.SpringApplication.run(SpringApplication.java:318) ~[spring-boot-3.4.2.jar:3.4.2]
	at org.springframework.boot.SpringApplication.run(SpringApplication.java:1361) ~[spring-boot-3.4.2.jar:3.4.2]
	at org.springframework.boot.SpringApplication.run(SpringApplication.java:1350) ~[spring-boot-3.4.2.jar:3.4.2]
	at com.kaappu.identity.IdentityApplication.main(IdentityApplication.java:12) ~[classes/:na]
	at java.base/jdk.internal.reflect.DirectMethodHandleAccessor.invoke(DirectMethodHandleAccessor.java:104) ~[na:na]
	at java.base/java.lang.reflect.Method.invoke(Method.java:565) ~[na:na]
	at org.springframework.boot.devtools.restart.RestartLauncher.run(RestartLauncher.java:50) ~[spring-boot-devtools-3.4.2.jar:3.4.2]
Caused by: org.springframework.beans.factory.UnsatisfiedDependencyException: Error creating bean with name 'pamService' defined in file [C:\Users\mokaa\Desktop\IGAI\clerk demo\backend\target\classes\com\kaappu\identity\services\PamService.class]: Unsatisfied dependency expressed through constructor parameter 0: Error creating bean with name 'accessRequestRepository' defined in com.kaappu.identity.repositories.AccessRequestRepository defined in @EnableNeo4jRepositories declared on Neo4jRepositoriesRegistrar.EnableNeo4jRepositoriesConfiguration: Could not create query for public abstract java.util.List com.kaappu.identity.repositories.AccessRequestRepository.findByStatusAndExpiresAtBefore(com.kaappu.identity.models.AccessRequest$Status,java.time.LocalDateTime); Reason: Can not derive query for 'public abstract java.util.List com.kaappu.identity.repositories.AccessRequestRepository.findByStatusAndExpiresAtBefore(com.kaappu.identity.models.AccessRequest$Status,java.time.LocalDateTime)': The keywords [IsBefore, Before] work only with properties with one of the following types: [class java.time.Instant, class java.time.LocalDate, class java.time.LocalDateTime, class java.time.LocalTime, class java.time.OffsetDateTime, class java.time.OffsetTime, class java.time.ZonedDateTime]
	at org.springframework.beans.factory.support.ConstructorResolver.createArgumentArray(ConstructorResolver.java:804) ~[spring-beans-6.2.2.jar:6.2.2]
	at org.springframework.beans.factory.support.ConstructorResolver.autowireConstructor(ConstructorResolver.java:240) ~[spring-beans-6.2.2.jar:6.2.2]
	at org.springframework.beans.factory.support.AbstractAutowireCapableBeanFactory.autowireConstructor(AbstractAutowireCapableBeanFactory.java:1381) ~[spring-beans-6.2.2.jar:6.2.2]
	at org.springframework.beans.factory.support.AbstractAutowireCapableBeanFactory.createBeanInstance(AbstractAutowireCapableBeanFactory.java:1218) ~[spring-beans-6.2.2.jar:6.2.2]
	at org.springframework.beans.factory.support.AbstractAutowireCapableBeanFactory.doCreateBean(AbstractAutowireCapableBeanFactory.java:563) ~[spring-beans-6.2.2.jar:6.2.2]
	at org.springframework.beans.factory.support.AbstractAutowireCapableBeanFactory.createBean(AbstractAutowireCapableBeanFactory.java:523) ~[spring-beans-6.2.2.jar:6.2.2]
	at org.springframework.beans.factory.support.AbstractBeanFactory.lambda$doGetBean$0(AbstractBeanFactory.java:336) ~[spring-beans-6.2.2.jar:6.2.2]
	at org.springframework.beans.factory.support.DefaultSingletonBeanRegistry.getSingleton(DefaultSingletonBeanRegistry.java:307) ~[spring-beans-6.2.2.jar:6.2.2]
	at org.springframework.beans.factory.support.AbstractBeanFactory.doGetBean(AbstractBeanFactory.java:334) ~[spring-beans-6.2.2.jar:6.2.2]
	at org.springframework.beans.factory.support.AbstractBeanFactory.getBean(AbstractBeanFactory.java:199) ~[spring-beans-6.2.2.jar:6.2.2]
	at org.springframework.beans.factory.support.DefaultListableBeanFactory.doResolveDependency(DefaultListableBeanFactory.java:1573) ~[spring-beans-6.2.2.jar:6.2.2]
	at org.springframework.beans.factory.support.DefaultListableBeanFactory.resolveDependency(DefaultListableBeanFactory.java:1519) ~[spring-beans-6.2.2.jar:6.2.2]
	at org.springframework.beans.factory.support.ConstructorResolver.resolveAutowiredArgument(ConstructorResolver.java:913) ~[spring-beans-6.2.2.jar:6.2.2]
	at org.springframework.beans.factory.support.ConstructorResolver.createArgumentArray(ConstructorResolver.java:791) ~[spring-beans-6.2.2.jar:6.2.2]
	... 24 common frames omitted
Caused by: org.springframework.beans.factory.BeanCreationException: Error creating bean with name 'accessRequestRepository' defined in com.kaappu.identity.repositories.AccessRequestRepository defined in @EnableNeo4jRepositories declared on Neo4jRepositoriesRegistrar.EnableNeo4jRepositoriesConfiguration: Could not create query for public abstract java.util.List com.kaappu.identity.repositories.AccessRequestRepository.findByStatusAndExpiresAtBefore(com.kaappu.identity.models.AccessRequest$Status,java.time.LocalDateTime); Reason: Can not derive query for 'public abstract java.util.List com.kaappu.identity.repositories.AccessRequestRepository.findByStatusAndExpiresAtBefore(com.kaappu.identity.models.AccessRequest$Status,java.time.LocalDateTime)': The keywords [IsBefore, Before] work only with properties with one of the following types: [class java.time.Instant, class java.time.LocalDate, class java.time.LocalDateTime, class java.time.LocalTime, class java.time.OffsetDateTime, class java.time.OffsetTime, class java.time.ZonedDateTime]
	at org.springframework.beans.factory.support.AbstractAutowireCapableBeanFactory.initializeBean(AbstractAutowireCapableBeanFactory.java:1812) ~[spring-beans-6.2.2.jar:6.2.2]
	at org.springframework.beans.factory.support.AbstractAutowireCapableBeanFactory.doCreateBean(AbstractAutowireCapableBeanFactory.java:601) ~[spring-beans-6.2.2.jar:6.2.2]
	at org.springframework.beans.factory.support.AbstractAutowireCapableBeanFactory.createBean(AbstractAutowireCapableBeanFactory.java:523) ~[spring-beans-6.2.2.jar:6.2.2]
	at org.springframework.beans.factory.support.AbstractBeanFactory.lambda$doGetBean$0(AbstractBeanFactory.java:336) ~[spring-beans-6.2.2.jar:6.2.2]
	at org.springframework.beans.factory.support.DefaultSingletonBeanRegistry.getSingleton(DefaultSingletonBeanRegistry.java:307) ~[spring-beans-6.2.2.jar:6.2.2]
	at org.springframework.beans.factory.support.AbstractBeanFactory.doGetBean(AbstractBeanFactory.java:334) ~[spring-beans-6.2.2.jar:6.2.2]
	at org.springframework.beans.factory.support.AbstractBeanFactory.getBean(AbstractBeanFactory.java:199) ~[spring-beans-6.2.2.jar:6.2.2]
	at org.springframework.beans.factory.support.DefaultListableBeanFactory.doResolveDependency(DefaultListableBeanFactory.java:1573) ~[spring-beans-6.2.2.jar:6.2.2]
	at org.springframework.beans.factory.support.DefaultListableBeanFactory.resolveDependency(DefaultListableBeanFactory.java:1519) ~[spring-beans-6.2.2.jar:6.2.2]
	at org.springframework.beans.factory.support.ConstructorResolver.resolveAutowiredArgument(ConstructorResolver.java:913) ~[spring-beans-6.2.2.jar:6.2.2]
	at org.springframework.beans.factory.support.ConstructorResolver.createArgumentArray(ConstructorResolver.java:791) ~[spring-beans-6.2.2.jar:6.2.2]
	... 37 common frames omitted
Caused by: org.springframework.data.repository.query.QueryCreationException: Could not create query for public abstract java.util.List com.kaappu.identity.repositories.AccessRequestRepository.findByStatusAndExpiresAtBefore(com.kaappu.identity.models.AccessRequest$Status,java.time.LocalDateTime); Reason: Can not derive query for 'public abstract java.util.List com.kaappu.identity.repositories.AccessRequestRepository.findByStatusAndExpiresAtBefore(com.kaappu.identity.models.AccessRequest$Status,java.time.LocalDateTime)': The keywords [IsBefore, Before] work only with properties with one of the following types: [class java.time.Instant, class java.time.LocalDate, class java.time.LocalDateTime, class java.time.LocalTime, class java.time.OffsetDateTime, class java.time.OffsetTime, class java.time.ZonedDateTime]
	at org.springframework.data.repository.query.QueryCreationException.create(QueryCreationException.java:101) ~[spring-data-commons-3.4.2.jar:3.4.2]
	at org.springframework.data.repository.core.support.QueryExecutorMethodInterceptor.lookupQuery(QueryExecutorMethodInterceptor.java:120) ~[spring-data-commons-3.4.2.jar:3.4.2]
	at org.springframework.data.repository.core.support.QueryExecutorMethodInterceptor.mapMethodsToQuery(QueryExecutorMethodInterceptor.java:104) ~[spring-data-commons-3.4.2.jar:3.4.2]
	at org.springframework.data.repository.core.support.QueryExecutorMethodInterceptor.lambda$new$0(QueryExecutorMethodInterceptor.java:92) ~[spring-data-commons-3.4.2.jar:3.4.2]
	at java.base/java.util.Optional.map(Optional.java:260) ~[na:na]
	at org.springframework.data.repository.core.support.QueryExecutorMethodInterceptor.<init>(QueryExecutorMethodInterceptor.java:92) ~[spring-data-commons-3.4.2.jar:3.4.2]
	at org.springframework.data.repository.core.support.RepositoryFactorySupport.getRepository(RepositoryFactorySupport.java:440) ~[spring-data-commons-3.4.2.jar:3.4.2]
	at org.springframework.data.repository.core.support.RepositoryFactoryBeanSupport.lambda$afterPropertiesSet$4(RepositoryFactoryBeanSupport.java:350) ~[spring-data-commons-3.4.2.jar:3.4.2]
	at org.springframework.data.util.Lazy.getNullable(Lazy.java:135) ~[spring-data-commons-3.4.2.jar:3.4.2]
	at org.springframework.data.util.Lazy.get(Lazy.java:113) ~[spring-data-commons-3.4.2.jar:3.4.2]
	at org.springframework.data.repository.core.support.RepositoryFactoryBeanSupport.afterPropertiesSet(RepositoryFactoryBeanSupport.java:356) ~[spring-data-commons-3.4.2.jar:3.4.2]
	at org.springframework.beans.factory.support.AbstractAutowireCapableBeanFactory.invokeInitMethods(AbstractAutowireCapableBeanFactory.java:1859) ~[spring-beans-6.2.2.jar:6.2.2]
	at org.springframework.beans.factory.support.AbstractAutowireCapableBeanFactory.initializeBean(AbstractAutowireCapableBeanFactory.java:1808) ~[spring-beans-6.2.2.jar:6.2.2]
	... 47 common frames omitted
Caused by: java.lang.IllegalArgumentException: Can not derive query for 'public abstract java.util.List com.kaappu.identity.repositories.AccessRequestRepository.findByStatusAndExpiresAtBefore(com.kaappu.identity.models.AccessRequest$Status,java.time.LocalDateTime)': The keywords [IsBefore, Before] work only with properties with one of the following types: [class java.time.Instant, class java.time.LocalDate, class java.time.LocalDateTime, class java.time.LocalTime, class java.time.OffsetDateTime, class java.time.OffsetTime, class java.time.ZonedDateTime]
	at org.springframework.util.Assert.isTrue(Assert.java:135) ~[spring-core-6.2.2.jar:6.2.2]
	at org.springframework.data.neo4j.repository.query.PartValidator.validateTemporalProperty(PartValidator.java:109) ~[spring-data-neo4j-7.4.2.jar:7.4.2]
	at org.springframework.data.neo4j.repository.query.PartValidator.validatePart(PartValidator.java:82) ~[spring-data-neo4j-7.4.2.jar:7.4.2]
	at java.base/java.lang.Iterable.forEach(Iterable.java:75) ~[na:na]
	at org.springframework.data.neo4j.repository.query.PartTreeNeo4jQuery.<init>(PartTreeNeo4jQuery.java:60) ~[spring-data-neo4j-7.4.2.jar:7.4.2]
	at org.springframework.data.neo4j.repository.query.PartTreeNeo4jQuery.create(PartTreeNeo4jQuery.java:50) ~[spring-data-neo4j-7.4.2.jar:7.4.2]
	at org.springframework.data.neo4j.repository.query.Neo4jQueryLookupStrategy.resolveQuery(Neo4jQueryLookupStrategy.java:74) ~[spring-data-neo4j-7.4.2.jar:7.4.2]
	at org.springframework.data.repository.core.support.QueryExecutorMethodInterceptor.lookupQuery(QueryExecutorMethodInterceptor.java:116) ~[spring-data-commons-3.4.2.jar:3.4.2]
	... 58 common frames omitted

[INFO] ------------------------------------------------------------------------
[INFO] BUILD FAILURE
[INFO] ------------------------------------------------------------------------
[INFO] Total time:  6.101 s
[INFO] Finished at: 2026-02-22T15:26:38+05:30
[INFO] ------------------------------------------------------------------------
[ERROR] Failed to execute goal org.springframework.boot:spring-boot-maven-plugin:3.4.2:run (default-cli) on project identity: Process terminated with exit code: 1 -> [Help 1]
[ERROR] 
[ERROR] To see the full stack trace of the errors, re-run Maven with the -e switch.
[ERROR] Re-run Maven using the -X switch to enable full debug logging.
[ERROR] 
[ERROR] For more information about the errors and possible solutions, please read the following articles:
[ERROR] [Help 1] http://cwiki.apache.org/confluence/display/MAVEN/MojoExecutionException
